{"C:\\Users\\Anas\\Desktop\\ReactAkshaySaini\\src\\components\\Body.js": {"path":"C:\\Users\\Anas\\Desktop\\ReactAkshaySaini\\src\\components\\Body.js","statementMap":{"0":{"start":{"line":9,"column":13},"end":{"line":133,"column":1}},"1":{"start":{"line":10,"column":52},"end":{"line":10,"column":64}},"2":{"start":{"line":11,"column":54},"end":{"line":11,"column":66}},"3":{"start":{"line":13,"column":38},"end":{"line":13,"column":50}},"4":{"start":{"line":15,"column":33},"end":{"line":15,"column":66}},"5":{"start":{"line":17,"column":2},"end":{"line":19,"column":9}},"6":{"start":{"line":18,"column":4},"end":{"line":18,"column":16}},"7":{"start":{"line":22,"column":2},"end":{"line":22,"column":50}},"8":{"start":{"line":24,"column":20},"end":{"line":37,"column":3}},"9":{"start":{"line":25,"column":17},"end":{"line":27,"column":5}},"10":{"start":{"line":29,"column":17},"end":{"line":29,"column":34}},"11":{"start":{"line":31,"column":4},"end":{"line":33,"column":6}},"12":{"start":{"line":34,"column":4},"end":{"line":36,"column":6}},"13":{"start":{"line":39,"column":23},"end":{"line":39,"column":40}},"14":{"start":{"line":41,"column":2},"end":{"line":46,"column":6}},"15":{"start":{"line":42,"column":4},"end":{"line":46,"column":6}},"16":{"start":{"line":48,"column":2},"end":{"line":50,"column":3}},"17":{"start":{"line":49,"column":4},"end":{"line":49,"column":36}},"18":{"start":{"line":52,"column":2},"end":{"line":54,"column":3}},"19":{"start":{"line":53,"column":4},"end":{"line":53,"column":51}},"20":{"start":{"line":56,"column":40},"end":{"line":56,"column":63}},"21":{"start":{"line":58,"column":2},"end":{"line":132,"column":4}},"22":{"start":{"line":70,"column":14},"end":{"line":70,"column":44}},"23":{"start":{"line":78,"column":14},"end":{"line":78,"column":38}},"24":{"start":{"line":79,"column":40},"end":{"line":81,"column":15}},"25":{"start":{"line":80,"column":16},"end":{"line":80,"column":78}},"26":{"start":{"line":83,"column":14},"end":{"line":83,"column":55}},"27":{"start":{"line":94,"column":35},"end":{"line":96,"column":15}},"28":{"start":{"line":95,"column":25},"end":{"line":95,"column":47}},"29":{"start":{"line":97,"column":14},"end":{"line":97,"column":40}},"30":{"start":{"line":98,"column":14},"end":{"line":98,"column":49}},"31":{"start":{"line":109,"column":29},"end":{"line":109,"column":56}},"32":{"start":{"line":115,"column":10},"end":{"line":128,"column":17}}},"fnMap":{"0":{"name":"(anonymous_0)","decl":{"start":{"line":9,"column":13},"end":{"line":9,"column":14}},"loc":{"start":{"line":9,"column":19},"end":{"line":133,"column":1}},"line":9},"1":{"name":"(anonymous_1)","decl":{"start":{"line":17,"column":12},"end":{"line":17,"column":13}},"loc":{"start":{"line":17,"column":18},"end":{"line":19,"column":3}},"line":17},"2":{"name":"(anonymous_2)","decl":{"start":{"line":24,"column":20},"end":{"line":24,"column":21}},"loc":{"start":{"line":24,"column":32},"end":{"line":37,"column":3}},"line":24},"3":{"name":"(anonymous_3)","decl":{"start":{"line":69,"column":22},"end":{"line":69,"column":23}},"loc":{"start":{"line":69,"column":29},"end":{"line":71,"column":13}},"line":69},"4":{"name":"(anonymous_4)","decl":{"start":{"line":75,"column":21},"end":{"line":75,"column":22}},"loc":{"start":{"line":75,"column":27},"end":{"line":84,"column":13}},"line":75},"5":{"name":"(anonymous_5)","decl":{"start":{"line":79,"column":65},"end":{"line":79,"column":66}},"loc":{"start":{"line":80,"column":16},"end":{"line":80,"column":78}},"line":80},"6":{"name":"(anonymous_6)","decl":{"start":{"line":92,"column":21},"end":{"line":92,"column":22}},"loc":{"start":{"line":92,"column":27},"end":{"line":99,"column":13}},"line":92},"7":{"name":"(anonymous_7)","decl":{"start":{"line":95,"column":16},"end":{"line":95,"column":17}},"loc":{"start":{"line":95,"column":25},"end":{"line":95,"column":47}},"line":95},"8":{"name":"(anonymous_8)","decl":{"start":{"line":109,"column":22},"end":{"line":109,"column":23}},"loc":{"start":{"line":109,"column":29},"end":{"line":109,"column":56}},"line":109},"9":{"name":"(anonymous_9)","decl":{"start":{"line":114,"column":32},"end":{"line":114,"column":33}},"loc":{"start":{"line":115,"column":10},"end":{"line":128,"column":17}},"line":115}},"branchMap":{"0":{"loc":{"start":{"line":41,"column":2},"end":{"line":46,"column":6}},"type":"if","locations":[{"start":{"line":41,"column":2},"end":{"line":46,"column":6}},{"start":{},"end":{}}],"line":41},"1":{"loc":{"start":{"line":48,"column":2},"end":{"line":50,"column":3}},"type":"if","locations":[{"start":{"line":48,"column":2},"end":{"line":50,"column":3}},{"start":{},"end":{}}],"line":48},"2":{"loc":{"start":{"line":52,"column":2},"end":{"line":54,"column":3}},"type":"if","locations":[{"start":{"line":52,"column":2},"end":{"line":54,"column":3}},{"start":{},"end":{}}],"line":52},"3":{"loc":{"start":{"line":52,"column":6},"end":{"line":52,"column":67}},"type":"binary-expr","locations":[{"start":{"line":52,"column":6},"end":{"line":52,"column":37}},{"start":{"line":52,"column":41},"end":{"line":52,"column":67}}],"line":52},"4":{"loc":{"start":{"line":58,"column":9},"end":{"line":132,"column":3}},"type":"cond-expr","locations":[{"start":{"line":59,"column":4},"end":{"line":59,"column":15}},{"start":{"line":61,"column":4},"end":{"line":131,"column":10}}],"line":58},"5":{"loc":{"start":{"line":122,"column":14},"end":{"line":126,"column":15}},"type":"cond-expr","locations":[{"start":{"line":123,"column":16},"end":{"line":123,"column":63}},{"start":{"line":125,"column":16},"end":{"line":125,"column":55}}],"line":122}},"s":{"0":1,"1":7,"2":7,"3":7,"4":7,"5":7,"6":2,"7":7,"8":7,"9":2,"10":2,"11":2,"12":2,"13":7,"14":7,"15":0,"16":7,"17":0,"18":7,"19":0,"20":7,"21":7,"22":1,"23":1,"24":1,"25":9,"26":1,"27":1,"28":9,"29":1,"30":1,"31":0,"32":38},"f":{"0":7,"1":2,"2":2,"3":1,"4":1,"5":9,"6":1,"7":9,"8":0,"9":38},"b":{"0":[0,7],"1":[0,7],"2":[0,7],"3":[7,7],"4":[2,5],"5":[0,38]},"_coverageSchema":"1a1c01bbd47fc00a2c39e90264f33305004495a9","hash":"843e6dd91d6b44ac8a185b8e255bd2d17e1e1b58"}
}
