TN:
SF:src\components\Body.js
FN:9,(anonymous_0)
FN:17,(anonymous_1)
FN:24,(anonymous_2)
FN:69,(anonymous_3)
FN:75,(anonymous_4)
FN:79,(anonymous_5)
FN:92,(anonymous_6)
FN:95,(anonymous_7)
FN:109,(anonymous_8)
FN:114,(anonymous_9)
FNF:10
FNH:9
FNDA:7,(anonymous_0)
FNDA:2,(anonymous_1)
FNDA:2,(anonymous_2)
FNDA:1,(anonymous_3)
FNDA:1,(anonymous_4)
FNDA:9,(anonymous_5)
FNDA:1,(anonymous_6)
FNDA:9,(anonymous_7)
FNDA:0,(anonymous_8)
FNDA:38,(anonymous_9)
DA:9,1
DA:10,7
DA:11,7
DA:13,7
DA:15,7
DA:17,7
DA:18,2
DA:22,7
DA:24,7
DA:25,2
DA:29,2
DA:31,2
DA:34,2
DA:39,7
DA:41,7
DA:42,0
DA:48,7
DA:49,0
DA:52,7
DA:53,0
DA:56,7
DA:58,7
DA:70,1
DA:78,1
DA:79,1
DA:80,9
DA:83,1
DA:94,1
DA:95,9
DA:97,1
DA:98,1
DA:109,0
DA:115,38
LF:33
LH:29
BRDA:41,0,0,0
BRDA:41,0,1,7
BRDA:48,1,0,0
BRDA:48,1,1,7
BRDA:52,2,0,0
BRDA:52,2,1,7
BRDA:52,3,0,7
BRDA:52,3,1,7
BRDA:58,4,0,2
BRDA:58,4,1,5
BRDA:122,5,0,0
BRDA:122,5,1,38
BRF:12
BRH:8
end_of_record
